<?xml version="1.0" encoding="UTF-8"?>
<testng-results ignored="0" total="1" passed="1" failed="0" skipped="0">
  <reporter-output>
  </reporter-output>
  <suite started-at="2023-07-03T18:24:41 CST" name="Default suite" finished-at="2023-07-03T18:25:02 CST" duration-ms="20228">
    <groups>
    </groups>
    <test started-at="2023-07-03T18:24:41 CST" name="Default test" finished-at="2023-07-03T18:25:02 CST" duration-ms="20228">
      <class name="prueba.NewTestSel">
        <test-method signature="testSel()[pri:0, instance:prueba.NewTestSel@654f0d9c]" started-at="2023-07-03T18:24:41 CST" name="testSel" finished-at="2023-07-03T18:25:02 CST" duration-ms="20211" status="PASS">
          <reporter-output>
          </reporter-output>
        </test-method> <!-- testSel -->
      </class> <!-- prueba.NewTestSel -->
    </test> <!-- Default test -->
  </suite> <!-- Default suite -->
</testng-results>
